
[New Run] ----------------------

[Code] Init, setting up window...
[Code] Set size to 700,640
[Code] Asking user for difficulty.
[Code] Set up frog.
[Lanes] Setup car lanes.
[Lanes] Setup log lanes.
[Lanes] Setup turtle lanes.
[Code] Reset the game, difficulty is 2
[Code] Successfully set up thread.
[Error] Error with loading images. Exiting...
[New Run] ----------------------

[Code] Init, setting up window...
[Code] Set size to 700,640
[Code] Asking user for difficulty.
[Code] Set up frog.
[Lanes] Setup car lanes.
[Lanes] Setup log lanes.
[Lanes] Setup turtle lanes.
[Code] Reset the game, difficulty is 1
[Code] Successfully set up thread.
[Error] Error with loading images. Exiting...
[New Run] ----------------------

[Code] Init, setting up window...
[Code] Set size to 700,640
[Code] Asking user for difficulty.
[Code] Set up frog.
[Lanes] Setup car lanes.
[Lanes] Setup log lanes.
[Lanes] Setup turtle lanes.
[Code] Reset the game, difficulty is 1
[Code] Successfully set up thread.
[Error] Error with loading images. Exiting...
[New Run] ----------------------

[Code] Init, setting up window...
[Code] Set size to 700,640
[Code] Asking user for difficulty.
[Code] Set up frog.
[Lanes] Setup car lanes.
[Lanes] Setup log lanes.
[Lanes] Setup turtle lanes.
[Code] Reset the game, difficulty is 1
[Code] Successfully set up thread.
[ImageLoader] Succeeded.
[KeyListener] Added.
[Code] Requested focus on the window.
[Window] Window Created.
[User] Reached the middle.
[User] Stepped onto a lilypad.
[User] User died.
[Code] Set up frog.
[User] User died.
[Code] Set up frog.
[User] User died.
[User] Game over.
[Code] Set up frog.
[New Run] ----------------------

[Code] Init, setting up window...
[Code] Set size to 700,640
[Code] Asking user for difficulty.
[Code] Set up frog.
[Lanes] Setup car lanes.
[Lanes] Setup log lanes.
[Lanes] Setup turtle lanes.
[Code] Reset the game, difficulty is 1
[Code] Successfully set up thread.
[ImageLoader] Succeeded.
[KeyListener] Added.
[Code] Requested focus on the window.
[Window] Window Created.
[New Run] ----------------------

[Code] Init, setting up window...
[Code] Set size to 700,640
[Code] Asking user for difficulty.
[Code] Set up frog.
[Lanes] Setup car lanes.
[Lanes] Setup log lanes.
[Lanes] Setup turtle lanes.
[Code] Reset the game, difficulty is 1
[Code] Successfully set up thread.
[ImageLoader] Succeeded.
[KeyListener] Added.
[Code] Requested focus on the window.
[Window] Window Created.
[New Run] ----------------------

[Code] Init, setting up window...
[Code] Set size to 700,640
[Code] Asking user for difficulty.
[Code] Set up frog.
[Lanes] Setup car lanes.
[Lanes] Setup log lanes.
[Lanes] Setup turtle lanes.
[Code] Reset the game, difficulty is 1
[Code] Successfully set up thread.
[ImageLoader] Succeeded.
[KeyListener] Added.
[Code] Requested focus on the window.
[Window] Window Created.
[New Run] ----------------------

[Code] Init, setting up window...
[Code] Set size to 700,640
[Code] Asking user for difficulty.
[Code] Set up frog.
[Lanes] Setup car lanes.
[Lanes] Setup log lanes.
[Lanes] Setup turtle lanes.
[Code] Reset the game, difficulty is 1
[Code] Successfully set up thread.
[ImageLoader] Succeeded.
[KeyListener] Added.
[Code] Requested focus on the window.
[Window] Window Created.
[User] User died.
[Code] Set up frog.
[New Run] ----------------------

[Code] Init, setting up window...
[Code] Set size to 700,640
[Code] Pergunte ao usuário sobra a dificuldade.
[Code] Set up frog.
[Lanes] Setup car lanes.
[Lanes] Setup log lanes.
[Lanes] Setup turtle lanes.
[Code] Jogo Resetado, a dificuldade é: 1
[Code] Thread configurada com sucesso.
[ImageLoader] Succeeded.
[KeyListener] Added.
[Code] Foco solicitado na janela.
[Window] Window Created.
[New Run] ----------------------

[Code] Iniciando, configurando janela ...
[Code] Definir tamanho para 700,640
[Code] Pergunte ao usuário sobra a dificuldade.
[New Run] ----------------------

[Code] Iniciando, configurando janela ...
[Code] Definir tamanho para 700,640
[Code] Pergunte ao usuário sobra a dificuldade.
[Code] Set up frog.
[Lanes] Setup car lanes.
[Lanes] Setup log lanes.
[Lanes] Setup turtle lanes.
[Code] Jogo Resetado, a dificuldade é: 1
[Code] Thread configurada com sucesso.
[ImageLoader] Bem-sucedido
[KeyListener] Adicionado!
[Code] Foco solicitado na janela.
[Window] Window Created.
[New Run] ----------------------

[Code] Iniciando, configurando janela ...
[Code] Definir tamanho para 700,640
[Code] Pergunte ao usuário sobra a dificuldade.
[Code] Set up frog.
[Lanes] Setup car lanes.
[Lanes] Setup log lanes.
[Lanes] Setup turtle lanes.
[Code] Jogo Resetado, a dificuldade é: 1
[Code] Thread configurada com sucesso.
[ImageLoader] Bem-sucedido
[KeyListener] Adicionado!
[Code] Foco solicitado na janela.
[Window] Window Created.
[New Run] ----------------------

[Code] Iniciando, configurando janela ...
[Code] Definir tamanho para 700,640
[Code] Pergunte ao usuário sobra a dificuldade.
[Code] Set up frog.
[Lanes] Setup car lanes.
[Lanes] Setup log lanes.
[Lanes] Setup turtle lanes.
[Code] Jogo Resetado, a dificuldade é: 1
[Code] Thread configurada com sucesso.
[ImageLoader] Bem-sucedido
[KeyListener] Adicionado!
[Code] Foco solicitado na janela.
[Window] Window Created.
[New Run] ----------------------

[Code] Iniciando, configurando janela ...
[Code] Definir tamanho para 700,640
[Code] Pergunte ao usuário sobra a dificuldade.
[Code] Set up frog.
[Lanes] Setup car lanes.
[Lanes] Setup log lanes.
[Lanes] Setup turtle lanes.
[Code] Jogo Resetado, a dificuldade é: 1
[Code] Thread configurada com sucesso.
[ImageLoader] Bem-sucedido
[KeyListener] Adicionado!
[Code] Foco solicitado na janela.
[Window] Window Created.
[New Run] ----------------------

[Code] Iniciando, configurando janela ...
[Code] Definir tamanho para 700,640
[Code] Pergunte ao usuário sobra a dificuldade.
[Code] Set up frog.
[Lanes] Setup car lanes.
[Lanes] Setup log lanes.
[Lanes] Setup turtle lanes.
[Code] Jogo Resetado, a dificuldade é: 1
[Code] Thread configurada com sucesso.
[ImageLoader] Bem-sucedido
[KeyListener] Adicionado!
[Code] Foco solicitado na janela.
[Window] Window Created.
[Code] Set up frog.
[Lanes] Setup car lanes.
[Lanes] Setup log lanes.
[Lanes] Setup turtle lanes.
[Code] Jogo Resetado, a dificuldade é: 1
[Code] Thread configurada com sucesso.
[ImageLoader] Bem-sucedido
[KeyListener] Adicionado!
[Code] Foco solicitado na janela.
[Window] Window Created.